
================================================================
======== txAdmin Starting - 9/21/2022, 10:12:16 PM              
================================================================
[10:16:18 PM] txAdmin: Logger started
[10:24:18 PM] txAdmin: Logger started
[10:30:16 PM] [f8kcd#1] Fnums: joined with identifiers [license:91df58c71c4e4e7b9a8b567543a0855ec4a72d31; discord:238345980561457152; fivem:8156909; license2:91df58c71c4e4e7b9a8b567543a0855ec4a72d31]
[10:34:49 PM] [f8kcd#1] Fnums: disconnected ([txAdmin] Server restarting (requested by fnums).)
[10:35:03 PM] txAdmin: Logger started
[10:35:32 PM] [Ccf3t#1] Fnums: joined with identifiers [license:91df58c71c4e4e7b9a8b567543a0855ec4a72d31; discord:238345980561457152; fivem:8156909; license2:91df58c71c4e4e7b9a8b567543a0855ec4a72d31]
[10:38:28 PM] [Ccf3t#1] Fnums: repaired their vehicle
[10:39:38 PM] [Ccf3t#1] Fnums: said "/tune"
[10:46:09 PM] [Ccf3t#2] -Exdream-: joined with identifiers [license:be3dcc78012e7b7d61482477f369b9819728acc4; xbl:2535430017500625; live:844428499411868; discord:177525033537765376; fivem:6818220; license2:e9163bf915cd2f782dbabab4b508a1e835661d38]
[10:47:36 PM] [Ccf3t#2] -Exdream-: disconnected (Disconnected.)
[10:48:29 PM] [Ccf3t#1] Fnums: died from suicide (Falling)
[10:48:46 PM] [Ccf3t#3] -Exdream-: joined with identifiers [license:be3dcc78012e7b7d61482477f369b9819728acc4; xbl:2535430017500625; live:844428499411868; discord:177525033537765376; fivem:6818220; license2:e9163bf915cd2f782dbabab4b508a1e835661d38]
[10:50:18 PM] [Ccf3t#1] Fnums: died from suicide (Drowned in Vehicle)
[10:51:25 PM] [Ccf3t#1] Fnums: died from suicide (Falling)
[10:55:12 PM] [Ccf3t#1] Fnums: said "/give keys"
[10:56:21 PM] [Ccf3t#1] Fnums: died from suicide (Falling)
[10:57:43 PM] [Ccf3t#1] Fnums: died from suicide (Falling)
[10:59:24 PM] [Ccf3t#3] -Exdream-: died from suicide (Falling)
[11:01:35 PM] [Ccf3t#1] Fnums: died from suicide (Falling)
[11:06:47 PM] [Ccf3t#3] -Exdream-: died from suicide (Falling)
[11:07:09 PM] [Ccf3t#1] Fnums: died from suicide (Falling)
[11:09:43 PM] [Ccf3t#3] -Exdream-: disconnected ([txAdmin] Server restarting (requested by fnums).)
[11:09:43 PM] [Ccf3t#1] Fnums: disconnected ([txAdmin] Server restarting (requested by fnums).)
[11:09:57 PM] txAdmin: Logger started
[11:10:33 PM] [Q3V6q#1] -Exdream-: joined with identifiers [license:be3dcc78012e7b7d61482477f369b9819728acc4; xbl:2535430017500625; live:844428499411868; discord:177525033537765376; fivem:6818220; license2:e9163bf915cd2f782dbabab4b508a1e835661d38]
[11:10:45 PM] [Q3V6q#2] Fnums: joined with identifiers [license:91df58c71c4e4e7b9a8b567543a0855ec4a72d31; discord:238345980561457152; fivem:8156909; license2:91df58c71c4e4e7b9a8b567543a0855ec4a72d31]
[11:11:45 PM] [Q3V6q#3] tilsi: joined with identifiers [license:67332242dbf0f3b49b3886b6f7a50425b3600f0f; xbl:2533274994646007; live:985156647942501; discord:183224295743291402; fivem:218203; license2:67332242dbf0f3b49b3886b6f7a50425b3600f0f]
[11:13:37 PM] [Q3V6q#1] -Exdream-: said "car jesko"
[11:16:37 PM] [Q3V6q#1] -Exdream-: died from suicide
[11:17:30 PM] [Q3V6q#1] -Exdream-: caused an explosion (PLANE)
[11:17:30 PM] [Q3V6q#1] -Exdream-: caused an explosion (PLANE)
[11:17:30 PM] [Q3V6q#1] -Exdream-: caused an explosion (PLANE)
[11:17:30 PM] [Q3V6q#1] -Exdream-: died from suicide (Explosion)
[11:17:34 PM] [Q3V6q#1] -Exdream-: caused an explosion (PLANE)
[11:17:34 PM] [Q3V6q#1] -Exdream-: caused an explosion (PLANE)
[11:17:34 PM] [Q3V6q#1] -Exdream-: caused an explosion (PLANE)
[11:17:34 PM] [Q3V6q#1] -Exdream-: caused an explosion (PLANE)
[11:17:34 PM] [Q3V6q#1] -Exdream-: caused an explosion (PLANE)
[11:17:34 PM] [Q3V6q#1] -Exdream-: caused an explosion (PLANE)
[11:17:35 PM] [Q3V6q#1] -Exdream-: caused an explosion (PLANE)
[11:17:35 PM] [Q3V6q#1] -Exdream-: caused an explosion (PLANE)
[11:17:35 PM] [Q3V6q#1] -Exdream-: caused an explosion (PLANE)
[11:17:35 PM] [Q3V6q#1] -Exdream-: caused an explosion (PLANE)
[11:17:36 PM] [Q3V6q#1] -Exdream-: caused an explosion (PLANE)
[11:17:36 PM] [Q3V6q#1] -Exdream-: caused an explosion (PLANE)
[11:17:36 PM] [Q3V6q#1] -Exdream-: caused an explosion (PLANE)
[11:17:36 PM] [Q3V6q#1] -Exdream-: caused an explosion (PLANE)
[11:17:37 PM] [Q3V6q#1] -Exdream-: caused an explosion (PLANE)
[11:17:37 PM] [Q3V6q#1] -Exdream-: caused an explosion (PLANE)
[11:17:37 PM] [Q3V6q#1] -Exdream-: caused an explosion (PLANE)
[11:17:37 PM] [Q3V6q#1] -Exdream-: caused an explosion (PLANE)
[11:17:37 PM] [Q3V6q#1] -Exdream-: caused an explosion (PLANE)
[11:17:38 PM] [Q3V6q#1] -Exdream-: caused an explosion (PLANE)
[11:17:38 PM] [Q3V6q#1] -Exdream-: caused an explosion (PLANE)
[11:17:41 PM] [Q3V6q#1] -Exdream-: caused an explosion (PLANE)
[11:17:41 PM] [Q3V6q#1] -Exdream-: caused an explosion (PLANE)
[11:17:41 PM] [Q3V6q#1] -Exdream-: caused an explosion (PLANE)
[11:17:41 PM] [Q3V6q#1] -Exdream-: caused an explosion (PLANE)
[11:17:42 PM] [Q3V6q#1] -Exdream-: caused an explosion (PLANE)
[11:17:42 PM] [Q3V6q#1] -Exdream-: caused an explosion (PLANE)
[11:17:42 PM] [Q3V6q#1] -Exdream-: caused an explosion (PLANE)
[11:17:42 PM] [Q3V6q#1] -Exdream-: caused an explosion (PLANE)
[11:17:43 PM] [Q3V6q#1] -Exdream-: caused an explosion (PLANE)
[11:17:43 PM] [Q3V6q#1] -Exdream-: caused an explosion (PLANE)
[11:17:43 PM] [Q3V6q#1] -Exdream-: caused an explosion (PLANE)
[11:17:43 PM] [Q3V6q#1] -Exdream-: caused an explosion (PLANE)
[11:17:44 PM] [Q3V6q#1] -Exdream-: caused an explosion (PLANE)
[11:17:44 PM] [Q3V6q#1] -Exdream-: caused an explosion (PLANE)
[11:17:44 PM] [Q3V6q#1] -Exdream-: caused an explosion (PLANE)
[11:17:44 PM] [Q3V6q#1] -Exdream-: caused an explosion (PLANE)
[11:17:45 PM] [Q3V6q#1] -Exdream-: caused an explosion (PLANE)
[11:17:45 PM] [Q3V6q#1] -Exdream-: caused an explosion (PLANE)
[11:17:45 PM] [Q3V6q#1] -Exdream-: caused an explosion (PLANE)
[11:17:46 PM] [Q3V6q#1] -Exdream-: caused an explosion (PLANE)
[11:17:46 PM] [Q3V6q#1] -Exdream-: caused an explosion (PLANE)
[11:17:46 PM] [Q3V6q#1] -Exdream-: caused an explosion (PLANE)
[11:17:47 PM] [Q3V6q#1] -Exdream-: caused an explosion (PLANE)
[11:17:47 PM] [Q3V6q#1] -Exdream-: caused an explosion (PLANE)
[11:17:47 PM] [Q3V6q#1] -Exdream-: caused an explosion (PLANE)
[11:17:47 PM] [Q3V6q#1] -Exdream-: caused an explosion (PLANE)
[11:17:47 PM] [Q3V6q#1] -Exdream-: caused an explosion (PLANE)
[11:17:48 PM] [Q3V6q#1] -Exdream-: caused an explosion (PLANE)
[11:17:48 PM] [Q3V6q#1] -Exdream-: caused an explosion (PLANE)
[11:17:48 PM] [Q3V6q#1] -Exdream-: caused an explosion (PLANE)
[11:17:48 PM] [Q3V6q#1] -Exdream-: caused an explosion (PLANE)
[11:17:49 PM] [Q3V6q#1] -Exdream-: caused an explosion (PLANE)
[11:17:49 PM] [Q3V6q#1] -Exdream-: caused an explosion (PLANE)
[11:17:49 PM] [Q3V6q#1] -Exdream-: caused an explosion (PLANE)
[11:17:50 PM] [Q3V6q#1] -Exdream-: caused an explosion (PLANE)
[11:17:50 PM] [Q3V6q#1] -Exdream-: caused an explosion (PLANE)
[11:17:50 PM] [Q3V6q#1] -Exdream-: caused an explosion (PLANE)
[11:17:50 PM] [Q3V6q#1] -Exdream-: caused an explosion (PLANE)
[11:17:51 PM] [Q3V6q#1] -Exdream-: caused an explosion (PLANE)
[11:17:51 PM] [Q3V6q#1] -Exdream-: caused an explosion (PLANE)
[11:17:51 PM] [Q3V6q#1] -Exdream-: caused an explosion (PLANE)
[11:17:52 PM] [Q3V6q#1] -Exdream-: caused an explosion (PLANE)
[11:17:53 PM] [Q3V6q#1] -Exdream-: caused an explosion (PLANE)
[11:17:53 PM] [Q3V6q#1] -Exdream-: caused an explosion (PLANE)
[11:17:53 PM] [Q3V6q#1] -Exdream-: caused an explosion (PLANE)
[11:17:54 PM] [Q3V6q#1] -Exdream-: caused an explosion (PLANE)
[11:17:54 PM] [Q3V6q#1] -Exdream-: caused an explosion (PLANE)
[11:17:54 PM] [Q3V6q#1] -Exdream-: caused an explosion (PLANE)
[11:17:54 PM] [Q3V6q#1] -Exdream-: caused an explosion (PLANE)
[11:17:55 PM] [Q3V6q#1] -Exdream-: caused an explosion (PLANE)
[11:17:55 PM] [Q3V6q#1] -Exdream-: caused an explosion (PLANE)
[11:17:56 PM] [Q3V6q#1] -Exdream-: caused an explosion (PLANE)
[11:17:56 PM] [Q3V6q#1] -Exdream-: caused an explosion (PLANE)
[11:17:56 PM] [Q3V6q#1] -Exdream-: caused an explosion (PLANE)
[11:17:56 PM] [Q3V6q#1] -Exdream-: caused an explosion (PLANE)
[11:17:56 PM] [Q3V6q#1] -Exdream-: caused an explosion (PLANE)
[11:17:57 PM] [Q3V6q#1] -Exdream-: caused an explosion (PLANE)
[11:17:57 PM] [Q3V6q#1] -Exdream-: caused an explosion (PLANE)
[11:17:57 PM] [Q3V6q#1] -Exdream-: caused an explosion (PLANE)
[11:17:58 PM] [Q3V6q#1] -Exdream-: caused an explosion (PLANE)
[11:17:58 PM] [Q3V6q#1] -Exdream-: caused an explosion (PLANE)
[11:17:58 PM] [Q3V6q#1] -Exdream-: caused an explosion (PLANE)
[11:17:59 PM] [Q3V6q#1] -Exdream-: caused an explosion (PLANE)
[11:17:59 PM] [Q3V6q#1] -Exdream-: caused an explosion (PLANE)
[11:17:59 PM] [Q3V6q#1] -Exdream-: caused an explosion (PLANE)
[11:17:59 PM] [Q3V6q#1] -Exdream-: caused an explosion (PLANE)
[11:18:00 PM] [Q3V6q#1] -Exdream-: caused an explosion (PLANE)
[11:18:00 PM] [Q3V6q#1] -Exdream-: caused an explosion (PLANE)
[11:18:00 PM] [Q3V6q#1] -Exdream-: caused an explosion (PLANE)
[11:18:01 PM] [Q3V6q#1] -Exdream-: caused an explosion (PLANE)
[11:18:01 PM] [Q3V6q#1] -Exdream-: caused an explosion (PLANE)
[11:18:02 PM] [Q3V6q#1] -Exdream-: caused an explosion (PLANE)
[11:18:02 PM] [Q3V6q#1] -Exdream-: caused an explosion (PLANE)
[11:18:03 PM] [Q3V6q#1] -Exdream-: caused an explosion (PLANE)
[11:18:03 PM] [Q3V6q#1] -Exdream-: caused an explosion (PLANE)
[11:18:03 PM] [Q3V6q#1] -Exdream-: caused an explosion (PLANE)
[11:18:03 PM] [Q3V6q#1] -Exdream-: caused an explosion (PLANE)
[11:18:03 PM] [Q3V6q#1] -Exdream-: caused an explosion (PLANE)
[11:18:09 PM] [Q3V6q#1] -Exdream-: died from suicide
[11:18:10 PM] [Q3V6q#1] -Exdream-: caused an explosion (PLANE)
[11:18:10 PM] [Q3V6q#1] -Exdream-: caused an explosion (PLANE)
[11:18:12 PM] [Q3V6q#1] -Exdream-: caused an explosion (PLANE)
[11:18:25 PM] [Q3V6q#2] Fnums: died from suicide
[11:30:34 PM] [Q3V6q#1] -Exdream-: disconnected ([txAdmin] Server restarting (requested by fnums).)
[11:30:34 PM] [Q3V6q#3] tilsi: disconnected ([txAdmin] Server restarting (requested by fnums).)
[11:30:34 PM] [Q3V6q#2] Fnums: disconnected ([txAdmin] Server restarting (requested by fnums).)
[11:30:51 PM] txAdmin: Logger started
[11:31:28 PM] [xDGby#1] Fnums: joined with identifiers [license:91df58c71c4e4e7b9a8b567543a0855ec4a72d31; discord:238345980561457152; fivem:8156909; license2:91df58c71c4e4e7b9a8b567543a0855ec4a72d31]
[11:31:39 PM] [xDGby#2] -Exdream-: joined with identifiers [license:be3dcc78012e7b7d61482477f369b9819728acc4; xbl:2535430017500625; live:844428499411868; discord:177525033537765376; fivem:6818220; license2:e9163bf915cd2f782dbabab4b508a1e835661d38]
[11:39:25 PM] [xDGby#3] tilsi: joined with identifiers [license:67332242dbf0f3b49b3886b6f7a50425b3600f0f; xbl:2533274994646007; live:985156647942501; discord:183224295743291402; fivem:218203; license2:67332242dbf0f3b49b3886b6f7a50425b3600f0f]
[11:44:48 PM] [xDGby#3] tilsi: disconnected (Disconnected.)
[11:49:20 PM] [xDGby#2] -Exdream-: said "/PATNS"
[11:49:55 PM] [xDGby#2] -Exdream-: died from Pistol by Fnums
[11:50:11 PM] [xDGby#1] Fnums: died from Fist by -Exdream-
[11:50:31 PM] [xDGby#1] Fnums: died from Fist by -Exdream-
[11:51:05 PM] [xDGby#1] Fnums: died from Fist by -Exdream-
[11:51:33 PM] [xDGby#1] Fnums: died from suicide
[11:54:01 PM] [xDGby#2] -Exdream-: died from Pistol by Fnums
[11:54:31 PM] [xDGby#1] Fnums: said "/reive"
[11:54:45 PM] [xDGby#1] Fnums: said "/reive"
[11:55:49 PM] [xDGby#1] Fnums: caused an explosion (PETROL_PUMP)
[11:55:49 PM] [xDGby#2] -Exdream-: caused an explosion (PETROL_PUMP)
[11:55:49 PM] [xDGby#2] -Exdream-: caused an explosion (CAR)
[11:55:49 PM] [xDGby#1] Fnums: caused an explosion (PETROL_PUMP)
[11:55:49 PM] [xDGby#2] -Exdream-: caused an explosion (PETROL_PUMP)
[11:55:49 PM] [xDGby#2] -Exdream-: died from suicide (Explosion)
[11:55:49 PM] [xDGby#1] Fnums: died from Explosion by -Exdream-
[11:57:02 PM] [xDGby#1] Fnums: died from suicide
[11:57:28 PM] [xDGby#2] -Exdream-: died from Pistol by Fnums
[11:58:28 PM] [xDGby#2] -Exdream-: died from Pistol by Fnums
[11:58:40 PM] [xDGby#2] -Exdream-: died from Pistol by Fnums
[11:58:48 PM] [xDGby#2] -Exdream-: died from Pistol by Fnums
[11:59:01 PM] [xDGby#1] Fnums: died from Ranover by Vehicle by -Exdream-
